<?xml version="1.0" encoding="UTF-8"?>
<!-- Generated by org.testng.reporters.JUnitXMLReporter -->
<testsuite hostname="Balas" ignored="1" name="smoke Test Cases" tests="4" failures="0" timestamp="10 Feb 2018 10:32:13 GMT" time="7.984" errors="0">
  <testcase name="timeRelated" time="0.017" classname="annotations.Annotation"/>
  <testcase name="xopenBrowser" time="0.007" classname="annotations.Annotation"/>
  <testcase name="testCaseVerifyHomePage" time="7.902" classname="annotations.AssertionTest"/>
  <testcase name="aticketBooking" time="0.002" classname="annotations.Annotation"/>
  <testcase name="payment" time="0.0" classname="annotations.Annotation">
    <ignored/>
  </testcase> <!-- payment -->
</testsuite> <!-- smoke Test Cases -->
