<?xml version="1.0" encoding="UTF-8"?>
<!-- Generated by org.testng.reporters.JUnitXMLReporter -->
<testsuite hostname="Balas" ignored="1" name="Smoke Testing" tests="4" failures="0" timestamp="10 Feb 2018 10:46:00 GMT" time="8.842" errors="0">
  <testcase name="timeRelated" time="0.02" classname="annotations.Annotation"/>
  <testcase name="xopenBrowser" time="0.004" classname="annotations.Annotation"/>
  <testcase name="testCaseVerifyHomePage" time="8.756" classname="annotations.AssertionTest"/>
  <testcase name="aticketBooking" time="0.003" classname="annotations.Annotation"/>
  <testcase name="payment" time="0.0" classname="annotations.Annotation">
    <ignored/>
  </testcase> <!-- payment -->
</testsuite> <!-- Smoke Testing -->
