<?xml version="1.0" encoding="UTF-8"?>
<!-- Generated by org.testng.reporters.JUnitXMLReporter -->
<testsuite hostname="Balas" ignored="1" name="smoke Test Cases" tests="3" failures="0" timestamp="25 Mar 2018 18:19:33 GMT" time="0.089" errors="0">
  <testcase name="aticketBooking" time="0.001" classname="annotations.Annotation"/>
  <testcase name="timeRelated" time="0.015" classname="annotations.Annotation"/>
  <testcase name="xopenBrowser" time="0.002" classname="annotations.Annotation"/>
  <testcase name="payment" time="0.0" classname="annotations.Annotation">
    <ignored/>
  </testcase> <!-- payment -->
</testsuite> <!-- smoke Test Cases -->
